{"level":"info","message":{"_id":"65e34c154378c1a09d5c7d63","createdAt":"2024-03-02T15:56:05.102Z","name":"hook deneme4","updatedAt":"2024-03-02T15:56:05.102Z"},"service":"user-service"}
{"level":"info","message":{"_id":"65e34c5eeba6d88d4acee6a9","createdAt":"2024-03-02T15:57:19.004Z","name":"hook deneme5","updatedAt":"2024-03-02T15:57:19.004Z"},"service":"projects-service"}
{"level":"info","message":{"_id":"65e47ff4c33520a77dff6f82","createdAt":"2024-03-03T13:49:40.489Z","name":"deneme project 4","updatedAt":"2024-03-03T13:49:40.489Z"},"service":"projects-service"}
{"level":"info","message":{"_id":"65e47fffc33520a77dff6f84","createdAt":"2024-03-03T13:49:51.421Z","name":"deneme project 5","updatedAt":"2024-03-03T13:49:51.421Z"},"service":"projects-service"}
{"level":"info","message":{"_id":"65e9c5fd673d666cd563bb0b","createdAt":"2024-03-07T13:49:49.605Z","name":"project1","updatedAt":"2024-03-07T13:49:49.605Z"},"service":"projects-service"}
{"level":"info","message":{"_id":"65e9c621673d666cd563bb0d","createdAt":"2024-03-07T13:50:25.578Z","name":"project2","updatedAt":"2024-03-07T13:50:25.578Z"},"service":"projects-service"}
{"level":"info","message":{"_id":"65e9c624673d666cd563bb0f","createdAt":"2024-03-07T13:50:28.126Z","name":"project3","updatedAt":"2024-03-07T13:50:28.126Z"},"service":"projects-service"}
{"level":"info","message":{"_id":"65e9c69259ca9b78b34ac30e","createdAt":"2024-03-07T13:52:18.028Z","name":"project4","updatedAt":"2024-03-07T13:52:18.028Z"},"service":"projects-service"}
{"level":"info","message":{"_id":"65e9c89c1378778c22623cf2","createdAt":"2024-03-07T14:01:00.076Z","name":"project5","updatedAt":"2024-03-07T14:01:00.076Z","user_id":"65e9c541673d666cd563bb08"},"service":"projects-service"}
{"level":"info","message":{"_id":"65e9c9161378778c22623cf4","createdAt":"2024-03-07T14:03:02.953Z","name":"project5","updatedAt":"2024-03-07T14:03:02.953Z","user_id":"65e9c541673d666cd563bb08"},"service":"projects-service"}
{"level":"info","message":{"_id":"65e9ec8d80ee5dfd24ceb1f3","createdAt":"2024-03-07T16:34:21.918Z","name":"project deneme","updatedAt":"2024-03-07T16:34:21.918Z","user_id":"65e9c541673d666cd563bb08"},"service":"projects-service"}
{"level":"info","message":{"_id":"65e9ecc9c54e0d47631028d6","createdAt":"2024-03-07T16:35:21.348Z","name":"project deneme 2","updatedAt":"2024-03-07T16:35:21.348Z","user_id":"65e9c541673d666cd563bb08"},"service":"projects-service"}
{"level":"info","message":{"_id":"65edefd95538621ffa341c37","createdAt":"2024-03-10T17:37:29.080Z","name":"project deneme 3","updatedAt":"2024-03-10T17:37:29.080Z","user_id":"65ede143922acc4150042266"},"service":"projects-service"}
{"level":"info","message":{"_id":"65ef056e29cc3bdc99ca1b28","createdAt":"2024-03-11T13:21:50.315Z","name":"fatih proje deneme 1","updatedAt":"2024-03-11T13:21:50.315Z","user_id":"65ef04b529cc3bdc99ca1b24"},"service":"projects-service"}
{"level":"info","message":{"_id":"65ef080cf57f6b5c7e80616f","createdAt":"2024-03-11T13:33:00.669Z","name":"fatih proje deneme 2","updatedAt":"2024-03-11T13:33:00.669Z","user_id":"65ef04b529cc3bdc99ca1b24"},"service":"projects-service"}
{"level":"info","message":{"_id":"65ef0824f57f6b5c7e806171","createdAt":"2024-03-11T13:33:24.870Z","name":"fatih proje deneme 3","updatedAt":"2024-03-11T13:33:24.870Z","user_id":"65ef04b529cc3bdc99ca1b24"},"service":"projects-service"}
{"level":"info","message":{"_id":"65ef08d8f57f6b5c7e806175","createdAt":"2024-03-11T13:36:24.962Z","name":"fatih proje deneme 4","updatedAt":"2024-03-11T13:36:24.962Z","user_id":"65ef04b529cc3bdc99ca1b24"},"service":"projects-service"}
{"level":"info","message":{"_id":"65ef0954505add6e02336e51","createdAt":"2024-03-11T13:38:28.768Z","name":"fatih proje deneme 5","updatedAt":"2024-03-11T13:38:28.768Z","user_id":"65ef04b529cc3bdc99ca1b24"},"service":"projects-service"}
{"level":"info","message":{"_id":"65ef09801841dff923cd20d3","createdAt":"2024-03-11T13:39:12.178Z","name":"fatih proje deneme 6","updatedAt":"2024-03-11T13:39:12.178Z","user_id":"65ef04b529cc3bdc99ca1b24"},"service":"projects-service"}
{"level":"info","message":{"_id":"65ef09ef4e496ae869286314","createdAt":"2024-03-11T13:41:03.040Z","name":"fatih proje deneme 7","updatedAt":"2024-03-11T13:41:03.040Z","user_id":"65ef04b529cc3bdc99ca1b24"},"service":"projects-service"}
{"level":"info","message":{"_id":"65ef0a261e1e004cf1fcdc46","createdAt":"2024-03-11T13:41:58.392Z","name":"fatih proje deneme 8","updatedAt":"2024-03-11T13:41:58.392Z","user_id":"65ef04b529cc3bdc99ca1b24"},"service":"projects-service"}
{"level":"info","message":{"_id":"65ef0a583e81a8519995b6c7","createdAt":"2024-03-11T13:42:48.205Z","name":"fatih proje deneme 9","updatedAt":"2024-03-11T13:42:48.205Z","user_id":"65ef04b529cc3bdc99ca1b24"},"service":"projects-service"}
{"level":"info","message":{"_id":"65f09d7f72a386d3aa613069","createdAt":"2024-03-12T18:22:55.631Z","name":"ERP customer 1","updatedAt":"2024-03-12T18:22:55.631Z","user_id":"65ef04b529cc3bdc99ca1b24"},"service":"projects-service"}
{"level":"info","message":{"_id":"65f09d8972a386d3aa61306b","createdAt":"2024-03-12T18:23:05.584Z","name":"ERP customer 2","updatedAt":"2024-03-12T18:23:05.584Z","user_id":"65ef04b529cc3bdc99ca1b24"},"service":"projects-service"}
{"level":"info","message":{"_id":"65f0a410689118d3aeaab91c","createdAt":"2024-03-12T18:50:56.739Z","name":"ERP customer 1","updatedAt":"2024-03-12T18:50:56.739Z","user_id":"65ef04b529cc3bdc99ca1b24"},"service":"projects-service"}
{"level":"info","message":{"_id":"65f0a460689118d3aeaab926","createdAt":"2024-03-12T18:52:16.695Z","name":"ERP customer 2","updatedAt":"2024-03-12T18:52:16.695Z","user_id":"65ef04b529cc3bdc99ca1b24"},"service":"projects-service"}
{"level":"info","message":{"_id":"65f9842e249514fcfc45fecf","createdAt":"2024-03-19T12:25:18.290Z","name":"ERP customer 3","updatedAt":"2024-03-19T12:25:18.290Z","user_id":"65ef04b529cc3bdc99ca1b24"},"service":"projects-service"}
{"level":"info","message":{"_id":"65f985e10f150bcc5c6afb6c","createdAt":"2024-03-19T12:32:33.511Z","name":"ERP customer 3","updatedAt":"2024-03-19T12:32:33.511Z","user_id":"65ef04b529cc3bdc99ca1b24"},"service":"projects-service"}
